Arguments: 
  /home/linuxbrew/.linuxbrew/Cellar/node/19.0.1/bin/node /home/linuxbrew/.linuxbrew/bin/yarn add express

PATH: 
  /home/linuxbrew/.linuxbrew/bin:/home/linuxbrew/.linuxbrew/sbin:/usr/local/bin:/usr/local/sbin:/usr/local/bin:/usr/sbin:/usr/bin:/sbin:/bin:/usr/games:/usr/local/games:/usr/lib/wsl/lib:/mnt/c/Program Files (x86)/VMware/VMware Player/bin/:/mnt/c/Windows/system32:/mnt/c/Windows:/mnt/c/Windows/System32/Wbem:/mnt/c/Windows/System32/WindowsPowerShell/v1.0/:/mnt/c/Windows/System32/OpenSSH/:/mnt/c/Users/ritik/AppData/Local/Pub/Cache/bin:/mnt/c/Program Files (x86)/NVIDIA Corporation/PhysX/Common:/mnt/c/Program Files/NVIDIA Corporation/NVIDIA NvDLISR:/mnt/c/Program Files/Git/cmd:/mnt/c/ProgramData/chocolatey/bin:/mnt/c/Program Files (x86)/Yarn/bin/:/mnt/c/MinGW/bin:/mnt/c/Program Files/dotnet/:/mnt/c/Program Files/Android/Android Studio/jre/bin:/mnt/c/Users/ritik/AppData/Local/Programs/Python/Python37/Scripts/:/mnt/c/Users/ritik/AppData/Local/Programs/Python/Python37/:/mnt/c/Users/ritik/AppData/Local/Microsoft/WindowsApps:/mnt/c/Program Files/Go/bin:/mnt/c/Program Files/PowerShell/7/:/mnt/c/Program Files/Docker/Docker/resources/bin:/mnt/c/Users/ritik/AppData/Local/Microsoft/WindowsApps:/mnt/c/Users/ritik/AppData/Local/Programs/Microsoft VS Code/bin:/mnt/c/Users/ritik/AppData/Local/Yarn/bin:/mnt/c/Program Files/Oracle/VirtualBox:/mnt/c/src/flutter/bin:/mnt/c/Users/ritik/go/bin:/mnt/c/Users/ritik/AppData/Local/Programs/oh-my-posh/bin

Yarn version: 
  1.22.19

Node version: 
  19.0.1

Platform: 
  linux x64

Trace: 
  Error: https://registry.yarnpkg.com/express: ETIMEDOUT
      at Timeout._onTimeout (/home/linuxbrew/.linuxbrew/lib/node_modules/yarn/lib/cli.js:141550:19)
      at listOnTimeout (node:internal/timers:564:17)
      at process.processTimers (node:internal/timers:507:7)

npm manifest: 
  {
    "name": "first-node-container",
    "version": "1.0.0",
    "main": "index.js",
    "license": "MIT"
  }

yarn manifest: 
  No manifest

Lockfile: 
  No lockfile
